# JRE version: Java(TM) SE Runtime Environment (8.0_281-b09) (build 1.8.0_281-b09)
# Java VM: Java HotSpot(TM) 64-Bit Server VM (25.281-b09 mixed mode windows-amd64 compressed oops)
Heap:
 PSYoungGen      total 512000K, used 400511K [0x000000076b800000, 0x000000078f680000, 0x00000007c0000000)
  eden space 508416K, 78% used [0x000000076b800000,0x0000000783f1fd10,0x000000078a880000)
  from space 3584K, 0% used [0x000000078b880000,0x000000078b880000,0x000000078bc00000)
  to   space 16384K, 0% used [0x000000078a880000,0x000000078a880000,0x000000078b880000)
 ParOldGen       total 197120K, used 26046K [0x00000006c2800000, 0x00000006ce880000, 0x000000076b800000)
  object space 197120K, 13% used [0x00000006c2800000,0x00000006c416fa80,0x00000006ce880000)
 Metaspace       used 51515K, capacity 52109K, committed 52608K, reserved 1095680K
  class space    used 6753K, capacity 6918K, committed 7040K, reserved 1048576K
GC Heap History (10 events):
Event: 3.651 GC heap before
{Heap before GC invocations=8 (full 1):
 PSYoungGen      total 267264K, used 5437K [0x000000076b800000, 0x000000078c300000, 0x00000007c0000000)
  eden space 260096K, 0% used [0x000000076b800000,0x000000076b800000,0x000000077b600000)
  from space 7168K, 75% used [0x000000077b600000,0x000000077bb4f6b0,0x000000077bd00000)
  to   space 7680K, 0% used [0x000000078bb80000,0x000000078bb80000,0x000000078c300000)
 ParOldGen       total 173568K, used 3725K [0x00000006c2800000, 0x00000006cd180000, 0x000000076b800000)
  object space 173568K, 2% used [0x00000006c2800000,0x00000006c2ba3618,0x00000006cd180000)
 Metaspace       used 20682K, capacity 21076K, committed 21248K, reserved 1067008K
  class space    used 2572K, capacity 2708K, committed 2816K, reserved 1048576K
Event: 3.704 GC heap after
Heap after GC invocations=8 (full 1):
 PSYoungGen      total 267264K, used 0K [0x000000076b800000, 0x000000078c300000, 0x00000007c0000000)
  eden space 260096K, 0% used [0x000000076b800000,0x000000076b800000,0x000000077b600000)
  from space 7168K, 0% used [0x000000077b600000,0x000000077b600000,0x000000077bd00000)
  to   space 7680K, 0% used [0x000000078bb80000,0x000000078bb80000,0x000000078c300000)
 ParOldGen       total 112128K, used 8755K [0x00000006c2800000, 0x00000006c9580000, 0x000000076b800000)
  object space 112128K, 7% used [0x00000006c2800000,0x00000006c308cfc0,0x00000006c9580000)
 Metaspace       used 20682K, capacity 21076K, committed 21248K, reserved 1067008K
  class space    used 2572K, capacity 2708K, committed 2816K, reserved 1048576K
}
Event: 5.309 GC heap before
{Heap before GC invocations=9 (full 1):
 PSYoungGen      total 267264K, used 260096K [0x000000076b800000, 0x000000078c300000, 0x00000007c0000000)
  eden space 260096K, 100% used [0x000000076b800000,0x000000077b600000,0x000000077b600000)
  from space 7168K, 0% used [0x000000077b600000,0x000000077b600000,0x000000077bd00000)
  to   space 7680K, 0% used [0x000000078bb80000,0x000000078bb80000,0x000000078c300000)
 ParOldGen       total 112128K, used 8755K [0x00000006c2800000, 0x00000006c9580000, 0x000000076b800000)
  object space 112128K, 7% used [0x00000006c2800000,0x00000006c308cfc0,0x00000006c9580000)
 Metaspace       used 27840K, capacity 28326K, committed 28544K, reserved 1075200K
  class space    used 3507K, capacity 3658K, committed 3712K, reserved 1048576K
Event: 5.316 GC heap after
Heap after GC invocations=9 (full 1):
 PSYoungGen      total 373760K, used 7659K [0x000000076b800000, 0x000000078c300000, 0x00000007c0000000)
  eden space 366080K, 0% used [0x000000076b800000,0x000000076b800000,0x0000000781d80000)
  from space 7680K, 99% used [0x000000078bb80000,0x000000078c2faf50,0x000000078c300000)
  to   space 10752K, 0% used [0x000000078ae00000,0x000000078ae00000,0x000000078b880000)
 ParOldGen       total 112128K, used 14945K [0x00000006c2800000, 0x00000006c9580000, 0x000000076b800000)
  object space 112128K, 13% used [0x00000006c2800000,0x00000006c3698658,0x00000006c9580000)
 Metaspace       used 27840K, capacity 28326K, committed 28544K, reserved 1075200K
  class space    used 3507K, capacity 3658K, committed 3712K, reserved 1048576K
}
Event: 6.807 GC heap before
{Heap before GC invocations=10 (full 1):
 PSYoungGen      total 373760K, used 373739K [0x000000076b800000, 0x000000078c300000, 0x00000007c0000000)
  eden space 366080K, 100% used [0x000000076b800000,0x0000000781d80000,0x0000000781d80000)
  from space 7680K, 99% used [0x000000078bb80000,0x000000078c2faf50,0x000000078c300000)
  to   space 10752K, 0% used [0x000000078ae00000,0x000000078ae00000,0x000000078b880000)
 ParOldGen       total 112128K, used 14945K [0x00000006c2800000, 0x00000006c9580000, 0x000000076b800000)
  object space 112128K, 13% used [0x00000006c2800000,0x00000006c3698658,0x00000006c9580000)
 Metaspace       used 32721K, capacity 33216K, committed 33536K, reserved 1079296K
  class space    used 4163K, capacity 4313K, committed 4352K, reserved 1048576K
Event: 6.816 GC heap after
Heap after GC invocations=10 (full 1):
 PSYoungGen      total 460288K, used 10725K [0x000000076b800000, 0x000000078bc00000, 0x00000007c0000000)
  eden space 449536K, 0% used [0x000000076b800000,0x000000076b800000,0x0000000786f00000)
  from space 10752K, 99% used [0x000000078ae00000,0x000000078b8794a8,0x000000078b880000)
  to   space 3584K, 0% used [0x000000078b880000,0x000000078b880000,0x000000078bc00000)
 ParOldGen       total 112128K, used 20118K [0x00000006c2800000, 0x00000006c9580000, 0x000000076b800000)
  object space 112128K, 17% used [0x00000006c2800000,0x00000006c3ba58d8,0x00000006c9580000)
 Metaspace       used 32721K, capacity 33216K, committed 33536K, reserved 1079296K
  class space    used 4163K, capacity 4313K, committed 4352K, reserved 1048576K
}
Event: 7.546 GC heap before
{Heap before GC invocations=11 (full 1):
 PSYoungGen      total 460288K, used 170930K [0x000000076b800000, 0x000000078bc00000, 0x00000007c0000000)
  eden space 449536K, 35% used [0x000000076b800000,0x0000000775473730,0x0000000786f00000)
  from space 10752K, 99% used [0x000000078ae00000,0x000000078b8794a8,0x000000078b880000)
  to   space 3584K, 0% used [0x000000078b880000,0x000000078b880000,0x000000078bc00000)
 ParOldGen       total 112128K, used 20118K [0x00000006c2800000, 0x00000006c9580000, 0x000000076b800000)
  object space 112128K, 17% used [0x00000006c2800000,0x00000006c3ba58d8,0x00000006c9580000)
 Metaspace       used 34711K, capacity 35260K, committed 35416K, reserved 1081344K
  class space    used 4444K, capacity 4579K, committed 4608K, reserved 1048576K
Event: 7.554 GC heap after
Heap after GC invocations=11 (full 1):
 PSYoungGen      total 512000K, used 3562K [0x000000076b800000, 0x000000078f680000, 0x00000007c0000000)
  eden space 508416K, 0% used [0x000000076b800000,0x000000076b800000,0x000000078a880000)
  from space 3584K, 99% used [0x000000078b880000,0x000000078bbfa868,0x000000078bc00000)
  to   space 16384K, 0% used [0x000000078a880000,0x000000078a880000,0x000000078b880000)
 ParOldGen       total 112128K, used 32655K [0x00000006c2800000, 0x00000006c9580000, 0x000000076b800000)
  object space 112128K, 29% used [0x00000006c2800000,0x00000006c47e3f48,0x00000006c9580000)
 Metaspace       used 34711K, capacity 35260K, committed 35416K, reserved 1081344K
  class space    used 4444K, capacity 4579K, committed 4608K, reserved 1048576K
}
Event: 7.554 GC heap before
{Heap before GC invocations=12 (full 2):
 PSYoungGen      total 512000K, used 3562K [0x000000076b800000, 0x000000078f680000, 0x00000007c0000000)
  eden space 508416K, 0% used [0x000000076b800000,0x000000076b800000,0x000000078a880000)
  from space 3584K, 99% used [0x000000078b880000,0x000000078bbfa868,0x000000078bc00000)
  to   space 16384K, 0% used [0x000000078a880000,0x000000078a880000,0x000000078b880000)
 ParOldGen       total 112128K, used 32655K [0x00000006c2800000, 0x00000006c9580000, 0x000000076b800000)
  object space 112128K, 29% used [0x00000006c2800000,0x00000006c47e3f48,0x00000006c9580000)
 Metaspace       used 34711K, capacity 35260K, committed 35416K, reserved 1081344K
  class space    used 4444K, capacity 4579K, committed 4608K, reserved 1048576K
Event: 7.602 GC heap after
Heap after GC invocations=12 (full 2):
 PSYoungGen      total 512000K, used 0K [0x000000076b800000, 0x000000078f680000, 0x00000007c0000000)
  eden space 508416K, 0% used [0x000000076b800000,0x000000076b800000,0x000000078a880000)
  from space 3584K, 0% used [0x000000078b880000,0x000000078b880000,0x000000078bc00000)
  to   space 16384K, 0% used [0x000000078a880000,0x000000078a880000,0x000000078b880000)
 ParOldGen       total 197120K, used 26046K [0x00000006c2800000, 0x00000006ce880000, 0x000000076b800000)
  object space 197120K, 13% used [0x00000006c2800000,0x00000006c416fa80,0x00000006ce880000)
 Metaspace       used 34711K, capacity 35260K, committed 35416K, reserved 1081344K
  class space    used 4444K, capacity 4579K, committed 4608K, reserved 1048576K
}

