# JRE version: Java(TM) SE Runtime Environment (8.0_281-b09) (build 1.8.0_281-b09)
# Java VM: Java HotSpot(TM) 64-Bit Server VM (25.281-b09 mixed mode windows-amd64 compressed oops)
Heap:
 PSYoungGen      total 525312K, used 149860K [0x000000076b800000, 0x0000000793980000, 0x00000007c0000000)
  eden space 504832K, 29% used [0x000000076b800000,0x0000000774a59140,0x000000078a500000)
  from space 20480K, 0% used [0x000000078a500000,0x000000078a500000,0x000000078b900000)
  to   space 19968K, 0% used [0x0000000792600000,0x0000000792600000,0x0000000793980000)
 ParOldGen       total 254976K, used 38827K [0x00000006c2800000, 0x00000006d2100000, 0x000000076b800000)
  object space 254976K, 15% used [0x00000006c2800000,0x00000006c4deaec8,0x00000006d2100000)
 Metaspace       used 63818K, capacity 64380K, committed 64768K, reserved 1105920K
  class space    used 8018K, capacity 8133K, committed 8192K, reserved 1048576K
GC Heap History (10 events):
Event: 6.689 GC heap before
{Heap before GC invocations=10 (full 1):
 PSYoungGen      total 401408K, used 146399K [0x000000076b800000, 0x000000078c500000, 0x00000007c0000000)
  eden space 392192K, 34% used [0x000000076b800000,0x0000000773df8700,0x0000000783700000)
  from space 9216K, 99% used [0x000000078bc00000,0x000000078c4ff800,0x000000078c500000)
  to   space 12288K, 0% used [0x000000078ad00000,0x000000078ad00000,0x000000078b900000)
 ParOldGen       total 104960K, used 14955K [0x00000006c2800000, 0x00000006c8e80000, 0x000000076b800000)
  object space 104960K, 14% used [0x00000006c2800000,0x00000006c369ac48,0x00000006c8e80000)
 Metaspace       used 34873K, capacity 35252K, committed 35496K, reserved 1081344K
  class space    used 4203K, capacity 4305K, committed 4352K, reserved 1048576K
Event: 6.699 GC heap after
Heap after GC invocations=10 (full 1):
 PSYoungGen      total 520704K, used 12287K [0x000000076b800000, 0x000000078c580000, 0x00000007c0000000)
  eden space 508416K, 0% used [0x000000076b800000,0x000000076b800000,0x000000078a880000)
  from space 12288K, 99% used [0x000000078ad00000,0x000000078b8ffc20,0x000000078b900000)
  to   space 12800K, 0% used [0x000000078b900000,0x000000078b900000,0x000000078c580000)
 ParOldGen       total 104960K, used 17486K [0x00000006c2800000, 0x00000006c8e80000, 0x000000076b800000)
  object space 104960K, 16% used [0x00000006c2800000,0x00000006c39138e0,0x00000006c8e80000)
 Metaspace       used 34873K, capacity 35252K, committed 35496K, reserved 1081344K
  class space    used 4203K, capacity 4305K, committed 4352K, reserved 1048576K
}
Event: 6.699 GC heap before
{Heap before GC invocations=11 (full 2):
 PSYoungGen      total 520704K, used 12287K [0x000000076b800000, 0x000000078c580000, 0x00000007c0000000)
  eden space 508416K, 0% used [0x000000076b800000,0x000000076b800000,0x000000078a880000)
  from space 12288K, 99% used [0x000000078ad00000,0x000000078b8ffc20,0x000000078b900000)
  to   space 12800K, 0% used [0x000000078b900000,0x000000078b900000,0x000000078c580000)
 ParOldGen       total 104960K, used 17486K [0x00000006c2800000, 0x00000006c8e80000, 0x000000076b800000)
  object space 104960K, 16% used [0x00000006c2800000,0x00000006c39138e0,0x00000006c8e80000)
 Metaspace       used 34873K, capacity 35252K, committed 35496K, reserved 1081344K
  class space    used 4203K, capacity 4305K, committed 4352K, reserved 1048576K
Event: 6.754 GC heap after
Heap after GC invocations=11 (full 2):
 PSYoungGen      total 520704K, used 0K [0x000000076b800000, 0x000000078c580000, 0x00000007c0000000)
  eden space 508416K, 0% used [0x000000076b800000,0x000000076b800000,0x000000078a880000)
  from space 12288K, 0% used [0x000000078ad00000,0x000000078ad00000,0x000000078b900000)
  to   space 12800K, 0% used [0x000000078b900000,0x000000078b900000,0x000000078c580000)
 ParOldGen       total 172544K, used 22621K [0x00000006c2800000, 0x00000006cd080000, 0x000000076b800000)
  object space 172544K, 13% used [0x00000006c2800000,0x00000006c3e17528,0x00000006cd080000)
 Metaspace       used 34873K, capacity 35252K, committed 35496K, reserved 1081344K
  class space    used 4203K, capacity 4305K, committed 4352K, reserved 1048576K
}
Event: 10.590 GC heap before
{Heap before GC invocations=12 (full 2):
 PSYoungGen      total 520704K, used 508416K [0x000000076b800000, 0x000000078c580000, 0x00000007c0000000)
  eden space 508416K, 100% used [0x000000076b800000,0x000000078a880000,0x000000078a880000)
  from space 12288K, 0% used [0x000000078ad00000,0x000000078ad00000,0x000000078b900000)
  to   space 12800K, 0% used [0x000000078b900000,0x000000078b900000,0x000000078c580000)
 ParOldGen       total 172544K, used 22621K [0x00000006c2800000, 0x00000006cd080000, 0x000000076b800000)
  object space 172544K, 13% used [0x00000006c2800000,0x00000006c3e17528,0x00000006cd080000)
 Metaspace       used 52147K, capacity 52644K, committed 53248K, reserved 1095680K
  class space    used 6408K, capacity 6529K, committed 6656K, reserved 1048576K
Event: 10.605 GC heap after
Heap after GC invocations=12 (full 2):
 PSYoungGen      total 517632K, used 12781K [0x000000076b800000, 0x0000000794880000, 0x00000007c0000000)
  eden space 504832K, 0% used [0x000000076b800000,0x000000076b800000,0x000000078a500000)
  from space 12800K, 99% used [0x000000078b900000,0x000000078c57b758,0x000000078c580000)
  to   space 20480K, 0% used [0x000000078a500000,0x000000078a500000,0x000000078b900000)
 ParOldGen       total 172544K, used 36046K [0x00000006c2800000, 0x00000006cd080000, 0x000000076b800000)
  object space 172544K, 20% used [0x00000006c2800000,0x00000006c4b33b88,0x00000006cd080000)
 Metaspace       used 52147K, capacity 52644K, committed 53248K, reserved 1095680K
  class space    used 6408K, capacity 6529K, committed 6656K, reserved 1048576K
}
Event: 12.576 GC heap before
{Heap before GC invocations=13 (full 2):
 PSYoungGen      total 517632K, used 144084K [0x000000076b800000, 0x0000000794880000, 0x00000007c0000000)
  eden space 504832K, 26% used [0x000000076b800000,0x0000000773839938,0x000000078a500000)
  from space 12800K, 99% used [0x000000078b900000,0x000000078c57b758,0x000000078c580000)
  to   space 20480K, 0% used [0x000000078a500000,0x000000078a500000,0x000000078b900000)
 ParOldGen       total 172544K, used 36046K [0x00000006c2800000, 0x00000006cd080000, 0x000000076b800000)
  object space 172544K, 20% used [0x00000006c2800000,0x00000006c4b33b88,0x00000006cd080000)
 Metaspace       used 58245K, capacity 58704K, committed 59136K, reserved 1101824K
  class space    used 7205K, capacity 7331K, committed 7424K, reserved 1048576K
Event: 12.586 GC heap after
Heap after GC invocations=13 (full 2):
 PSYoungGen      total 525312K, used 9380K [0x000000076b800000, 0x0000000793980000, 0x00000007c0000000)
  eden space 504832K, 0% used [0x000000076b800000,0x000000076b800000,0x000000078a500000)
  from space 20480K, 45% used [0x000000078a500000,0x000000078ae29260,0x000000078b900000)
  to   space 19968K, 0% used [0x0000000792600000,0x0000000792600000,0x0000000793980000)
 ParOldGen       total 172544K, used 46867K [0x00000006c2800000, 0x00000006cd080000, 0x000000076b800000)
  object space 172544K, 27% used [0x00000006c2800000,0x00000006c55c4d10,0x00000006cd080000)
 Metaspace       used 58245K, capacity 58704K, committed 59136K, reserved 1101824K
  class space    used 7205K, capacity 7331K, committed 7424K, reserved 1048576K
}
Event: 12.586 GC heap before
{Heap before GC invocations=14 (full 3):
 PSYoungGen      total 525312K, used 9380K [0x000000076b800000, 0x0000000793980000, 0x00000007c0000000)
  eden space 504832K, 0% used [0x000000076b800000,0x000000076b800000,0x000000078a500000)
  from space 20480K, 45% used [0x000000078a500000,0x000000078ae29260,0x000000078b900000)
  to   space 19968K, 0% used [0x0000000792600000,0x0000000792600000,0x0000000793980000)
 ParOldGen       total 172544K, used 46867K [0x00000006c2800000, 0x00000006cd080000, 0x000000076b800000)
  object space 172544K, 27% used [0x00000006c2800000,0x00000006c55c4d10,0x00000006cd080000)
 Metaspace       used 58245K, capacity 58704K, committed 59136K, reserved 1101824K
  class space    used 7205K, capacity 7331K, committed 7424K, reserved 1048576K
Event: 12.739 GC heap after
Heap after GC invocations=14 (full 3):
 PSYoungGen      total 525312K, used 0K [0x000000076b800000, 0x0000000793980000, 0x00000007c0000000)
  eden space 504832K, 0% used [0x000000076b800000,0x000000076b800000,0x000000078a500000)
  from space 20480K, 0% used [0x000000078a500000,0x000000078a500000,0x000000078b900000)
  to   space 19968K, 0% used [0x0000000792600000,0x0000000792600000,0x0000000793980000)
 ParOldGen       total 254976K, used 38827K [0x00000006c2800000, 0x00000006d2100000, 0x000000076b800000)
  object space 254976K, 15% used [0x00000006c2800000,0x00000006c4deaec8,0x00000006d2100000)
 Metaspace       used 58245K, capacity 58704K, committed 59136K, reserved 1101824K
  class space    used 7205K, capacity 7331K, committed 7424K, reserved 1048576K
}

