# JRE version: Java(TM) SE Runtime Environment (8.0_281-b09) (build 1.8.0_281-b09)
# Java VM: Java HotSpot(TM) 64-Bit Server VM (25.281-b09 mixed mode windows-amd64 compressed oops)
Heap:
 PSYoungGen      total 528896K, used 109715K [0x000000076b800000, 0x0000000794c00000, 0x00000007c0000000)
  eden space 508416K, 21% used [0x000000076b800000,0x0000000772324e40,0x000000078a880000)
  from space 20480K, 0% used [0x000000078a880000,0x000000078a880000,0x000000078bc80000)
  to   space 19968K, 0% used [0x0000000793880000,0x0000000793880000,0x0000000794c00000)
 ParOldGen       total 243200K, used 39567K [0x00000006c2800000, 0x00000006d1580000, 0x000000076b800000)
  object space 243200K, 16% used [0x00000006c2800000,0x00000006c4ea3e10,0x00000006d1580000)
 Metaspace       used 63125K, capacity 63618K, committed 64088K, reserved 1105920K
  class space    used 7877K, capacity 8011K, committed 8064K, reserved 1048576K
GC Heap History (10 events):
Event: 6.570 GC heap before
{Heap before GC invocations=10 (full 1):
 PSYoungGen      total 404992K, used 110427K [0x000000076b800000, 0x000000078c500000, 0x00000007c0000000)
  eden space 395776K, 25% used [0x000000076b800000,0x0000000771ada898,0x0000000783a80000)
  from space 9216K, 99% used [0x000000078bc00000,0x000000078c4fc570,0x000000078c500000)
  to   space 12288K, 0% used [0x000000078ad00000,0x000000078ad00000,0x000000078b900000)
 ParOldGen       total 103424K, used 13831K [0x00000006c2800000, 0x00000006c8d00000, 0x000000076b800000)
  object space 103424K, 13% used [0x00000006c2800000,0x00000006c3581de0,0x00000006c8d00000)
 Metaspace       used 34895K, capacity 35202K, committed 35416K, reserved 1081344K
  class space    used 4128K, capacity 4222K, committed 4224K, reserved 1048576K
Event: 6.577 GC heap after
Heap after GC invocations=10 (full 1):
 PSYoungGen      total 525312K, used 12284K [0x000000076b800000, 0x000000078ca80000, 0x00000007c0000000)
  eden space 513024K, 0% used [0x000000076b800000,0x000000076b800000,0x000000078ad00000)
  from space 12288K, 99% used [0x000000078ad00000,0x000000078b8ff328,0x000000078b900000)
  to   space 14336K, 0% used [0x000000078bc80000,0x000000078bc80000,0x000000078ca80000)
 ParOldGen       total 103424K, used 15070K [0x00000006c2800000, 0x00000006c8d00000, 0x000000076b800000)
  object space 103424K, 14% used [0x00000006c2800000,0x00000006c36b7a90,0x00000006c8d00000)
 Metaspace       used 34895K, capacity 35202K, committed 35416K, reserved 1081344K
  class space    used 4128K, capacity 4222K, committed 4224K, reserved 1048576K
}
Event: 6.577 GC heap before
{Heap before GC invocations=11 (full 2):
 PSYoungGen      total 525312K, used 12284K [0x000000076b800000, 0x000000078ca80000, 0x00000007c0000000)
  eden space 513024K, 0% used [0x000000076b800000,0x000000076b800000,0x000000078ad00000)
  from space 12288K, 99% used [0x000000078ad00000,0x000000078b8ff328,0x000000078b900000)
  to   space 14336K, 0% used [0x000000078bc80000,0x000000078bc80000,0x000000078ca80000)
 ParOldGen       total 103424K, used 15070K [0x00000006c2800000, 0x00000006c8d00000, 0x000000076b800000)
  object space 103424K, 14% used [0x00000006c2800000,0x00000006c36b7a90,0x00000006c8d00000)
 Metaspace       used 34895K, capacity 35202K, committed 35416K, reserved 1081344K
  class space    used 4128K, capacity 4222K, committed 4224K, reserved 1048576K
Event: 6.617 GC heap after
Heap after GC invocations=11 (full 2):
 PSYoungGen      total 525312K, used 0K [0x000000076b800000, 0x000000078ca80000, 0x00000007c0000000)
  eden space 513024K, 0% used [0x000000076b800000,0x000000076b800000,0x000000078ad00000)
  from space 12288K, 0% used [0x000000078ad00000,0x000000078ad00000,0x000000078b900000)
  to   space 14336K, 0% used [0x000000078bc80000,0x000000078bc80000,0x000000078ca80000)
 ParOldGen       total 163840K, used 20689K [0x00000006c2800000, 0x00000006cc800000, 0x000000076b800000)
  object space 163840K, 12% used [0x00000006c2800000,0x00000006c3c347f8,0x00000006cc800000)
 Metaspace       used 34895K, capacity 35202K, committed 35416K, reserved 1081344K
  class space    used 4128K, capacity 4222K, committed 4224K, reserved 1048576K
}
Event: 10.330 GC heap before
{Heap before GC invocations=12 (full 2):
 PSYoungGen      total 525312K, used 513024K [0x000000076b800000, 0x000000078ca80000, 0x00000007c0000000)
  eden space 513024K, 100% used [0x000000076b800000,0x000000078ad00000,0x000000078ad00000)
  from space 12288K, 0% used [0x000000078ad00000,0x000000078ad00000,0x000000078b900000)
  to   space 14336K, 0% used [0x000000078bc80000,0x000000078bc80000,0x000000078ca80000)
 ParOldGen       total 163840K, used 20689K [0x00000006c2800000, 0x00000006cc800000, 0x000000076b800000)
  object space 163840K, 12% used [0x00000006c2800000,0x00000006c3c347f8,0x00000006cc800000)
 Metaspace       used 50735K, capacity 51188K, committed 51672K, reserved 1095680K
  class space    used 6213K, capacity 6343K, committed 6400K, reserved 1048576K
Event: 10.346 GC heap after
Heap after GC invocations=12 (full 2):
 PSYoungGen      total 522752K, used 14313K [0x000000076b800000, 0x0000000795d00000, 0x00000007c0000000)
  eden space 508416K, 0% used [0x000000076b800000,0x000000076b800000,0x000000078a880000)
  from space 14336K, 99% used [0x000000078bc80000,0x000000078ca7a6b0,0x000000078ca80000)
  to   space 20480K, 0% used [0x000000078a880000,0x000000078a880000,0x000000078bc80000)
 ParOldGen       total 163840K, used 33390K [0x00000006c2800000, 0x00000006cc800000, 0x000000076b800000)
  object space 163840K, 20% used [0x00000006c2800000,0x00000006c489b920,0x00000006cc800000)
 Metaspace       used 50735K, capacity 51188K, committed 51672K, reserved 1095680K
  class space    used 6213K, capacity 6343K, committed 6400K, reserved 1048576K
}
Event: 12.058 GC heap before
{Heap before GC invocations=13 (full 2):
 PSYoungGen      total 522752K, used 190628K [0x000000076b800000, 0x0000000795d00000, 0x00000007c0000000)
  eden space 508416K, 34% used [0x000000076b800000,0x000000077642eae0,0x000000078a880000)
  from space 14336K, 99% used [0x000000078bc80000,0x000000078ca7a6b0,0x000000078ca80000)
  to   space 20480K, 0% used [0x000000078a880000,0x000000078a880000,0x000000078bc80000)
 ParOldGen       total 163840K, used 33390K [0x00000006c2800000, 0x00000006cc800000, 0x000000076b800000)
  object space 163840K, 20% used [0x00000006c2800000,0x00000006c489b920,0x00000006cc800000)
 Metaspace       used 58167K, capacity 58592K, committed 59028K, reserved 1101824K
  class space    used 7224K, capacity 7337K, committed 7424K, reserved 1048576K
Event: 12.068 GC heap after
Heap after GC invocations=13 (full 2):
 PSYoungGen      total 528896K, used 11894K [0x000000076b800000, 0x0000000794c00000, 0x00000007c0000000)
  eden space 508416K, 0% used [0x000000076b800000,0x000000076b800000,0x000000078a880000)
  from space 20480K, 58% used [0x000000078a880000,0x000000078b41db78,0x000000078bc80000)
  to   space 19968K, 0% used [0x0000000793880000,0x0000000793880000,0x0000000794c00000)
 ParOldGen       total 163840K, used 44503K [0x00000006c2800000, 0x00000006cc800000, 0x000000076b800000)
  object space 163840K, 27% used [0x00000006c2800000,0x00000006c5375e28,0x00000006cc800000)
 Metaspace       used 58167K, capacity 58592K, committed 59028K, reserved 1101824K
  class space    used 7224K, capacity 7337K, committed 7424K, reserved 1048576K
}
Event: 12.068 GC heap before
{Heap before GC invocations=14 (full 3):
 PSYoungGen      total 528896K, used 11894K [0x000000076b800000, 0x0000000794c00000, 0x00000007c0000000)
  eden space 508416K, 0% used [0x000000076b800000,0x000000076b800000,0x000000078a880000)
  from space 20480K, 58% used [0x000000078a880000,0x000000078b41db78,0x000000078bc80000)
  to   space 19968K, 0% used [0x0000000793880000,0x0000000793880000,0x0000000794c00000)
 ParOldGen       total 163840K, used 44503K [0x00000006c2800000, 0x00000006cc800000, 0x000000076b800000)
  object space 163840K, 27% used [0x00000006c2800000,0x00000006c5375e28,0x00000006cc800000)
 Metaspace       used 58167K, capacity 58592K, committed 59028K, reserved 1101824K
  class space    used 7224K, capacity 7337K, committed 7424K, reserved 1048576K
Event: 12.212 GC heap after
Heap after GC invocations=14 (full 3):
 PSYoungGen      total 528896K, used 0K [0x000000076b800000, 0x0000000794c00000, 0x00000007c0000000)
  eden space 508416K, 0% used [0x000000076b800000,0x000000076b800000,0x000000078a880000)
  from space 20480K, 0% used [0x000000078a880000,0x000000078a880000,0x000000078bc80000)
  to   space 19968K, 0% used [0x0000000793880000,0x0000000793880000,0x0000000794c00000)
 ParOldGen       total 243200K, used 39567K [0x00000006c2800000, 0x00000006d1580000, 0x000000076b800000)
  object space 243200K, 16% used [0x00000006c2800000,0x00000006c4ea3e10,0x00000006d1580000)
 Metaspace       used 58167K, capacity 58592K, committed 59028K, reserved 1101824K
  class space    used 7224K, capacity 7337K, committed 7424K, reserved 1048576K
}

