# JRE version: Java(TM) SE Runtime Environment (8.0_281-b09) (build 1.8.0_281-b09)
# Java VM: Java HotSpot(TM) 64-Bit Server VM (25.281-b09 mixed mode windows-amd64 compressed oops)
Heap:
 PSYoungGen      total 525312K, used 400259K [0x000000076b800000, 0x0000000793600000, 0x00000007c0000000)
  eden space 503808K, 79% used [0x000000076b800000,0x0000000783ee0f68,0x000000078a400000)
  from space 21504K, 0% used [0x000000078a400000,0x000000078a400000,0x000000078b900000)
  to   space 20480K, 0% used [0x0000000792200000,0x0000000792200000,0x0000000793600000)
 ParOldGen       total 276992K, used 53412K [0x00000006c2800000, 0x00000006d3680000, 0x000000076b800000)
  object space 276992K, 19% used [0x00000006c2800000,0x00000006c5c292d8,0x00000006d3680000)
 Metaspace       used 70695K, capacity 71314K, committed 71808K, reserved 1112064K
  class space    used 8914K, capacity 9083K, committed 9088K, reserved 1048576K
GC Heap History (10 events):
Event: 7.126 GC heap before
{Heap before GC invocations=10 (full 1):
 PSYoungGen      total 397312K, used 145246K [0x000000076b800000, 0x000000078c500000, 0x00000007c0000000)
  eden space 388096K, 35% used [0x000000076b800000,0x0000000773cd8db0,0x0000000783300000)
  from space 9216K, 99% used [0x000000078bc00000,0x000000078c4fec00,0x000000078c500000)
  to   space 12288K, 0% used [0x000000078ad00000,0x000000078ad00000,0x000000078b900000)
 ParOldGen       total 105984K, used 14982K [0x00000006c2800000, 0x00000006c8f80000, 0x000000076b800000)
  object space 105984K, 14% used [0x00000006c2800000,0x00000006c36a1b50,0x00000006c8f80000)
 Metaspace       used 34868K, capacity 35252K, committed 35496K, reserved 1081344K
  class space    used 4203K, capacity 4305K, committed 4352K, reserved 1048576K
Event: 7.139 GC heap after
Heap after GC invocations=10 (full 1):
 PSYoungGen      total 512512K, used 12266K [0x000000076b800000, 0x000000078bd80000, 0x00000007c0000000)
  eden space 500224K, 0% used [0x000000076b800000,0x000000076b800000,0x000000078a080000)
  from space 12288K, 99% used [0x000000078ad00000,0x000000078b8fa9c0,0x000000078b900000)
  to   space 4608K, 0% used [0x000000078b900000,0x000000078b900000,0x000000078bd80000)
 ParOldGen       total 105984K, used 17490K [0x00000006c2800000, 0x00000006c8f80000, 0x000000076b800000)
  object space 105984K, 16% used [0x00000006c2800000,0x00000006c3914830,0x00000006c8f80000)
 Metaspace       used 34868K, capacity 35252K, committed 35496K, reserved 1081344K
  class space    used 4203K, capacity 4305K, committed 4352K, reserved 1048576K
}
Event: 7.139 GC heap before
{Heap before GC invocations=11 (full 2):
 PSYoungGen      total 512512K, used 12266K [0x000000076b800000, 0x000000078bd80000, 0x00000007c0000000)
  eden space 500224K, 0% used [0x000000076b800000,0x000000076b800000,0x000000078a080000)
  from space 12288K, 99% used [0x000000078ad00000,0x000000078b8fa9c0,0x000000078b900000)
  to   space 4608K, 0% used [0x000000078b900000,0x000000078b900000,0x000000078bd80000)
 ParOldGen       total 105984K, used 17490K [0x00000006c2800000, 0x00000006c8f80000, 0x000000076b800000)
  object space 105984K, 16% used [0x00000006c2800000,0x00000006c3914830,0x00000006c8f80000)
 Metaspace       used 34868K, capacity 35252K, committed 35496K, reserved 1081344K
  class space    used 4203K, capacity 4305K, committed 4352K, reserved 1048576K
Event: 7.205 GC heap after
Heap after GC invocations=11 (full 2):
 PSYoungGen      total 512512K, used 0K [0x000000076b800000, 0x000000078bd80000, 0x00000007c0000000)
  eden space 500224K, 0% used [0x000000076b800000,0x000000076b800000,0x000000078a080000)
  from space 12288K, 0% used [0x000000078ad00000,0x000000078ad00000,0x000000078b900000)
  to   space 4608K, 0% used [0x000000078b900000,0x000000078b900000,0x000000078bd80000)
 ParOldGen       total 175616K, used 22698K [0x00000006c2800000, 0x00000006cd380000, 0x000000076b800000)
  object space 175616K, 12% used [0x00000006c2800000,0x00000006c3e2aa80,0x00000006cd380000)
 Metaspace       used 34868K, capacity 35252K, committed 35496K, reserved 1081344K
  class space    used 4203K, capacity 4305K, committed 4352K, reserved 1048576K
}
Event: 11.480 GC heap before
{Heap before GC invocations=12 (full 2):
 PSYoungGen      total 512512K, used 500224K [0x000000076b800000, 0x000000078bd80000, 0x00000007c0000000)
  eden space 500224K, 100% used [0x000000076b800000,0x000000078a080000,0x000000078a080000)
  from space 12288K, 0% used [0x000000078ad00000,0x000000078ad00000,0x000000078b900000)
  to   space 4608K, 0% used [0x000000078b900000,0x000000078b900000,0x000000078bd80000)
 ParOldGen       total 175616K, used 22698K [0x00000006c2800000, 0x00000006cd380000, 0x000000076b800000)
  object space 175616K, 12% used [0x00000006c2800000,0x00000006c3e2aa80,0x00000006cd380000)
 Metaspace       used 51723K, capacity 52260K, committed 52608K, reserved 1095680K
  class space    used 6341K, capacity 6465K, committed 6528K, reserved 1048576K
Event: 11.500 GC heap after
Heap after GC invocations=12 (full 2):
 PSYoungGen      total 508416K, used 4600K [0x000000076b800000, 0x0000000793e00000, 0x00000007c0000000)
  eden space 503808K, 0% used [0x000000076b800000,0x000000076b800000,0x000000078a400000)
  from space 4608K, 99% used [0x000000078b900000,0x000000078bd7e050,0x000000078bd80000)
  to   space 21504K, 0% used [0x000000078a400000,0x000000078a400000,0x000000078b900000)
 ParOldGen       total 175616K, used 46386K [0x00000006c2800000, 0x00000006cd380000, 0x000000076b800000)
  object space 175616K, 26% used [0x00000006c2800000,0x00000006c554c880,0x00000006cd380000)
 Metaspace       used 51723K, capacity 52260K, committed 52608K, reserved 1095680K
  class space    used 6341K, capacity 6465K, committed 6528K, reserved 1048576K
}
Event: 13.489 GC heap before
{Heap before GC invocations=13 (full 2):
 PSYoungGen      total 508416K, used 149481K [0x000000076b800000, 0x0000000793e00000, 0x00000007c0000000)
  eden space 503808K, 28% used [0x000000076b800000,0x000000077457c568,0x000000078a400000)
  from space 4608K, 99% used [0x000000078b900000,0x000000078bd7e050,0x000000078bd80000)
  to   space 21504K, 0% used [0x000000078a400000,0x000000078a400000,0x000000078b900000)
 ParOldGen       total 175616K, used 46386K [0x00000006c2800000, 0x00000006cd380000, 0x000000076b800000)
  object space 175616K, 26% used [0x00000006c2800000,0x00000006c554c880,0x00000006cd380000)
 Metaspace       used 58251K, capacity 58704K, committed 59136K, reserved 1101824K
  class space    used 7209K, capacity 7331K, committed 7424K, reserved 1048576K
Event: 13.499 GC heap after
Heap after GC invocations=13 (full 2):
 PSYoungGen      total 525312K, used 10055K [0x000000076b800000, 0x0000000793600000, 0x00000007c0000000)
  eden space 503808K, 0% used [0x000000076b800000,0x000000076b800000,0x000000078a400000)
  from space 21504K, 46% used [0x000000078a400000,0x000000078add1fc0,0x000000078b900000)
  to   space 20480K, 0% used [0x0000000792200000,0x0000000792200000,0x0000000793600000)
 ParOldGen       total 175616K, used 51030K [0x00000006c2800000, 0x00000006cd380000, 0x000000076b800000)
  object space 175616K, 29% used [0x00000006c2800000,0x00000006c59d5930,0x00000006cd380000)
 Metaspace       used 58251K, capacity 58704K, committed 59136K, reserved 1101824K
  class space    used 7209K, capacity 7331K, committed 7424K, reserved 1048576K
}
Event: 13.499 GC heap before
{Heap before GC invocations=14 (full 3):
 PSYoungGen      total 525312K, used 10055K [0x000000076b800000, 0x0000000793600000, 0x00000007c0000000)
  eden space 503808K, 0% used [0x000000076b800000,0x000000076b800000,0x000000078a400000)
  from space 21504K, 46% used [0x000000078a400000,0x000000078add1fc0,0x000000078b900000)
  to   space 20480K, 0% used [0x0000000792200000,0x0000000792200000,0x0000000793600000)
 ParOldGen       total 175616K, used 51030K [0x00000006c2800000, 0x00000006cd380000, 0x000000076b800000)
  object space 175616K, 29% used [0x00000006c2800000,0x00000006c59d5930,0x00000006cd380000)
 Metaspace       used 58251K, capacity 58704K, committed 59136K, reserved 1101824K
  class space    used 7209K, capacity 7331K, committed 7424K, reserved 1048576K
Event: 13.718 GC heap after
Heap after GC invocations=14 (full 3):
 PSYoungGen      total 525312K, used 0K [0x000000076b800000, 0x0000000793600000, 0x00000007c0000000)
  eden space 503808K, 0% used [0x000000076b800000,0x000000076b800000,0x000000078a400000)
  from space 21504K, 0% used [0x000000078a400000,0x000000078a400000,0x000000078b900000)
  to   space 20480K, 0% used [0x0000000792200000,0x0000000792200000,0x0000000793600000)
 ParOldGen       total 276992K, used 53412K [0x00000006c2800000, 0x00000006d3680000, 0x000000076b800000)
  object space 276992K, 19% used [0x00000006c2800000,0x00000006c5c292d8,0x00000006d3680000)
 Metaspace       used 58251K, capacity 58704K, committed 59136K, reserved 1101824K
  class space    used 7209K, capacity 7331K, committed 7424K, reserved 1048576K
}

